<?xml version="1.0" encoding="UTF-8"?>
<testng-results skipped="0" failed="0" ignored="0" total="1" passed="1">
  <reporter-output>
  </reporter-output>
  <suite name="Default suite" duration-ms="485226" started-at="2021-11-21T18:07:53Z" finished-at="2021-11-21T18:15:58Z">
    <groups>
    </groups>
    <test name="Default test" duration-ms="485226" started-at="2021-11-21T18:07:53Z" finished-at="2021-11-21T18:15:58Z">
      <class name="com.shopee.runner.RunCukesTest">
        <test-method status="PASS" signature="setUpClass()[pri:0, instance:com.shopee.runner.RunCukesTest@3d680b5a]" name="setUpClass" is-config="true" duration-ms="182" started-at="2021-11-21T18:07:53Z" finished-at="2021-11-21T18:07:53Z">
          <reporter-output>
          </reporter-output>
        </test-method> <!-- setUpClass -->
        <test-method status="PASS" signature="feature(cucumber.api.testng.CucumberFeatureWrapper)[pri:0, instance:com.shopee.runner.RunCukesTest@3d680b5a]" name="feature" duration-ms="484066" started-at="2021-11-21T18:07:53Z" description="Runs Cucumber Feature" data-provider="features" finished-at="2021-11-21T18:15:57Z">
          <params>
            <param index="0">
              <value>
                <![CDATA[Mobile App automation assignment]]>
              </value>
            </param>
          </params>
          <reporter-output>
          </reporter-output>
        </test-method> <!-- feature -->
        <test-method status="PASS" signature="tearDownClass()[pri:0, instance:com.shopee.runner.RunCukesTest@3d680b5a]" name="tearDownClass" is-config="true" duration-ms="463" started-at="2021-11-21T18:15:57Z" finished-at="2021-11-21T18:15:57Z">
          <reporter-output>
          </reporter-output>
        </test-method> <!-- tearDownClass -->
        <test-method status="PASS" signature="stopServer()[pri:0, instance:com.shopee.runner.RunCukesTest@3d680b5a]" name="stopServer" is-config="true" duration-ms="439" started-at="2021-11-21T18:15:57Z" finished-at="2021-11-21T18:15:58Z">
          <reporter-output>
          </reporter-output>
        </test-method> <!-- stopServer -->
        <test-method status="PASS" signature="generateExtentReport()[pri:0, instance:com.shopee.runner.RunCukesTest@3d680b5a]" name="generateExtentReport" is-config="true" duration-ms="13" started-at="2021-11-21T18:15:58Z" finished-at="2021-11-21T18:15:58Z">
          <reporter-output>
          </reporter-output>
        </test-method> <!-- generateExtentReport -->
      </class> <!-- com.shopee.runner.RunCukesTest -->
    </test> <!-- Default test -->
  </suite> <!-- Default suite -->
</testng-results>
